Removed Pin From Net: NetName=NRST Pin=C10-1
Removed Pin From Net: NetName=NRST Pin=SW1-2
Removed Pin From Net: NetName=NRST Pin=SW1-3
Removed Pin From Net: NetName=NRST Pin=U2-7
Added Component: Designator=R30(6-0805_N)
Add component (AddParameter): Name = "LatestRevisionDate"; Value = "17-Jul-2002"; VariantName = "[No Variations]"
Add component (AddParameter): Name = "LatestRevisionNote"; Value = "Re-released for DXP Platform."; VariantName = "[No Variations]"
Add component (AddParameter): Name = "PackageDescription"; Value = "Axial Device, Thru-Hole; 2 Leads; 0.3 in Pin Spacing"; VariantName = "[No Variations]"
Add component (AddParameter): Name = "PackageReference"; Value = "AXIAL-0.3"; VariantName = "[No Variations]"
Add component (AddParameter): Name = "Published"; Value = "8-Jun-2000"; VariantName = "[No Variations]"
Add component (AddParameter): Name = "Publisher"; Value = "Altium Limited"; VariantName = "[No Variations]"
Add component (AddParameter): Name = "Value"; Value = "10K"; VariantName = "[No Variations]"
Added Pin To Net: NetName=NRST Pin=R30-2
Change Net Name : Old Net Name=NRST New Net Name=+3V3
Added Pin To Net: NetName=NetC10_1 Pin=C10-1
Added Pin To Net: NetName=NetC10_1 Pin=SW1-2
Added Net: Name=NetC10_1
Added Pin To Net: NetName=RST Pin=R30-1
Added Pin To Net: NetName=RST Pin=SW1-3
Added Pin To Net: NetName=RST Pin=U2-7
Added Net: Name=RST
Added Member To Class: ClassName=Mainboard_1 Member=Component R30 10K
