Added Pin To Net: NetName=+3V3 Pin=C5-1
Added Pin To Net: NetName=+3V3 Pin=C6-1
Added Pin To Net: NetName=+3V3 Pin=C7-1
Added Pin To Net: NetName=+3V3 Pin=C8-1
Added Pin To Net: NetName=+3V3 Pin=C9-1
Added Pin To Net: NetName=+3V3 Pin=C11-1
Added Pin To Net: NetName=+3V3 Pin=C12-1
Added Pin To Net: NetName=+3V3 Pin=C15-1
Added Pin To Net: NetName=+3V3 Pin=C20-1
Added Pin To Net: NetName=+3V3 Pin=J1-1
Added Pin To Net: NetName=+3V3 Pin=J2-1
Added Pin To Net: NetName=+3V3 Pin=J3-1
Added Pin To Net: NetName=+3V3 Pin=J6-1
Added Pin To Net: NetName=+3V3 Pin=R30-2
Added Pin To Net: NetName=+3V3 Pin=U2-1
Added Pin To Net: NetName=+3V3 Pin=U2-13
Added Pin To Net: NetName=+3V3 Pin=U2-19
Added Pin To Net: NetName=+3V3 Pin=U2-32
Added Pin To Net: NetName=+3V3 Pin=U2-48
Added Pin To Net: NetName=+3V3 Pin=U2-64
Added Pin To Net: NetName=+3V3 Pin=W1-2
Added Net: Name=+3V3
Added Pin To Net: NetName=+5 Pin=BS1-1
Added Pin To Net: NetName=+5 Pin=C21-1
Added Pin To Net: NetName=+5 Pin=C22-1
Added Pin To Net: NetName=+5 Pin=C26-2
Added Pin To Net: NetName=+5 Pin=C27-1
Added Pin To Net: NetName=+5 Pin=C30-2
Added Pin To Net: NetName=+5 Pin=C32-1
Added Pin To Net: NetName=+5 Pin=C33-1
Added Pin To Net: NetName=+5 Pin=C34-1
Added Pin To Net: NetName=+5 Pin=D6-1
Added Pin To Net: NetName=+5 Pin=F1-1
Added Pin To Net: NetName=+5 Pin=J5-2
Added Pin To Net: NetName=+5 Pin=J7-2
Added Pin To Net: NetName=+5 Pin=L1-2
Added Pin To Net: NetName=+5 Pin=R3-2
Added Pin To Net: NetName=+5 Pin=R10-1
Added Pin To Net: NetName=+5 Pin=U3-14
Added Pin To Net: NetName=+5 Pin=U5-8
Added Pin To Net: NetName=+5 Pin=U6-8
Added Net: Name=+5
Added Pin To Net: NetName=BOOT0 Pin=R2-2
Added Pin To Net: NetName=BOOT0 Pin=U2-60
Added Net: Name=BOOT0
Added Pin To Net: NetName=BOOT1 Pin=R1-2
Added Pin To Net: NetName=BOOT1 Pin=U2-28
Added Net: Name=BOOT1
Added Pin To Net: NetName=Camera Pin=J5-1
Added Pin To Net: NetName=Camera Pin=U2-61
Added Net: Name=Camera
Added Pin To Net: NetName=Current_SIG Pin=U5-7
Added Pin To Net: NetName=Current_SIG Pin=U6-1
Added Net: Name=Current_SIG
Added Pin To Net: NetName=EN Pin=R14-1
Added Pin To Net: NetName=EN Pin=R15-2
Added Pin To Net: NetName=EN Pin=R22-1
Added Pin To Net: NetName=EN Pin=R23-2
Added Pin To Net: NetName=EN Pin=U2-39
Added Net: Name=EN
Added Pin To Net: NetName=FILTER Pin=C31-1
Added Pin To Net: NetName=FILTER Pin=U5-6
Added Net: Name=FILTER
Added Pin To Net: NetName=FORWARD Pin=R12-1
Added Pin To Net: NetName=FORWARD Pin=R21-2
Added Pin To Net: NetName=FORWARD Pin=U2-37
Added Net: Name=FORWARD
Added Pin To Net: NetName=GND Pin=C1-2
Added Pin To Net: NetName=GND Pin=C2-2
Added Pin To Net: NetName=GND Pin=C3-2
Added Pin To Net: NetName=GND Pin=C4-2
Added Pin To Net: NetName=GND Pin=C5-2
Added Pin To Net: NetName=GND Pin=C6-2
Added Pin To Net: NetName=GND Pin=C7-2
Added Pin To Net: NetName=GND Pin=C8-2
Added Pin To Net: NetName=GND Pin=C9-2
Added Pin To Net: NetName=GND Pin=C10-2
Added Pin To Net: NetName=GND Pin=C11-2
Added Pin To Net: NetName=GND Pin=C12-2
Added Pin To Net: NetName=GND Pin=C13-2
Added Pin To Net: NetName=GND Pin=C14-2
Added Pin To Net: NetName=GND Pin=C15-2
Added Pin To Net: NetName=GND Pin=C16-2
Added Pin To Net: NetName=GND Pin=C17-2
Added Pin To Net: NetName=GND Pin=C18-2
Added Pin To Net: NetName=GND Pin=C19-2
Added Pin To Net: NetName=GND Pin=C20-2
Added Pin To Net: NetName=GND Pin=C21-2
Added Pin To Net: NetName=GND Pin=C22-2
Added Pin To Net: NetName=GND Pin=C23-2
Added Pin To Net: NetName=GND Pin=C24-2
Added Pin To Net: NetName=GND Pin=C25-2
Added Pin To Net: NetName=GND Pin=C27-2
Added Pin To Net: NetName=GND Pin=C28-1
Added Pin To Net: NetName=GND Pin=C30-1
Added Pin To Net: NetName=GND Pin=C31-2
Added Pin To Net: NetName=GND Pin=C32-2
Added Pin To Net: NetName=GND Pin=C33-2
Added Pin To Net: NetName=GND Pin=C34-2
Added Pin To Net: NetName=GND Pin=C37-2
Added Pin To Net: NetName=GND Pin=C38-2
Added Pin To Net: NetName=GND Pin=C43-1
Added Pin To Net: NetName=GND Pin=C44-2
Added Pin To Net: NetName=GND Pin=D1-1
Added Pin To Net: NetName=GND Pin=D2-1
Added Pin To Net: NetName=GND Pin=D3-1
Added Pin To Net: NetName=GND Pin=D4-1
Added Pin To Net: NetName=GND Pin=D5-1
Added Pin To Net: NetName=GND Pin=D6-2
Added Pin To Net: NetName=GND Pin=D7-2
Added Pin To Net: NetName=GND Pin=D8-2
Added Pin To Net: NetName=GND Pin=HD1-1
Added Pin To Net: NetName=GND Pin=HD2-2
Added Pin To Net: NetName=GND Pin=HD3-3
Added Pin To Net: NetName=GND Pin=J1-3
Added Pin To Net: NetName=GND Pin=J2-3
Added Pin To Net: NetName=GND Pin=J3-2
Added Pin To Net: NetName=GND Pin=J5-3
Added Pin To Net: NetName=GND Pin=J6-2
Added Pin To Net: NetName=GND Pin=J7-3
Added Pin To Net: NetName=GND Pin=Q2-2
Added Pin To Net: NetName=GND Pin=R8-1
Added Pin To Net: NetName=GND Pin=R11-2
Added Pin To Net: NetName=GND Pin=R16-2
Added Pin To Net: NetName=GND Pin=R17-2
Added Pin To Net: NetName=GND Pin=R18-2
Added Pin To Net: NetName=GND Pin=R19-2
Added Pin To Net: NetName=GND Pin=R24-2
Added Pin To Net: NetName=GND Pin=R25-2
Added Pin To Net: NetName=GND Pin=R26-2
Added Pin To Net: NetName=GND Pin=R27-2
Added Pin To Net: NetName=GND Pin=SW1-1
Added Pin To Net: NetName=GND Pin=SW1-4
Added Pin To Net: NetName=GND Pin=U1-1
Added Pin To Net: NetName=GND Pin=U2-12
Added Pin To Net: NetName=GND Pin=U2-18
Added Pin To Net: NetName=GND Pin=U2-63
Added Pin To Net: NetName=GND Pin=U3-7
Added Pin To Net: NetName=GND Pin=U4-4
Added Pin To Net: NetName=GND Pin=U5-5
Added Pin To Net: NetName=GND Pin=U6-4
Added Pin To Net: NetName=GND Pin=U7-1
Added Pin To Net: NetName=GND Pin=U8-1
Added Pin To Net: NetName=GND Pin=U9-1
Added Pin To Net: NetName=GND Pin=U10-1
Added Pin To Net: NetName=GND Pin=U11-1
Added Pin To Net: NetName=GND Pin=X1-2
Added Pin To Net: NetName=GND Pin=X1-4
Added Net: Name=GND
Added Pin To Net: NetName=NetBS1_2 Pin=BS1-2
Added Pin To Net: NetName=NetBS1_2 Pin=Q2-1
Added Net: Name=NetBS1_2
Added Pin To Net: NetName=NetC3_1 Pin=C3-1
Added Pin To Net: NetName=NetC3_1 Pin=C4-1
Added Pin To Net: NetName=NetC3_1 Pin=U1-2
Added Pin To Net: NetName=NetC3_1 Pin=U1-4
Added Pin To Net: NetName=NetC3_1 Pin=W1-1
Added Net: Name=NetC3_1
Added Pin To Net: NetName=NetC10_1 Pin=C10-1
Added Pin To Net: NetName=NetC10_1 Pin=SW1-2
Added Net: Name=NetC10_1
Added Pin To Net: NetName=NetC13_1 Pin=C13-1
Added Pin To Net: NetName=NetC13_1 Pin=U2-47
Added Net: Name=NetC13_1
Added Pin To Net: NetName=NetC14_1 Pin=C14-1
Added Pin To Net: NetName=NetC14_1 Pin=U2-31
Added Net: Name=NetC14_1
Added Pin To Net: NetName=NetC26_1 Pin=C26-1
Added Pin To Net: NetName=NetC26_1 Pin=R10-2
Added Pin To Net: NetName=NetC26_1 Pin=R11-1
Added Pin To Net: NetName=NetC26_1 Pin=U7-2
Added Net: Name=NetC26_1
Added Pin To Net: NetName=NetC29_1 Pin=C29-1
Added Pin To Net: NetName=NetC29_1 Pin=U7-4
Added Net: Name=NetC29_1
Added Pin To Net: NetName=NetD3_2 Pin=D3-2
Added Pin To Net: NetName=NetD3_2 Pin=R5-1
Added Pin To Net: NetName=NetD3_2 Pin=U4-3
Added Net: Name=NetD3_2
Added Pin To Net: NetName=NetD4_2 Pin=D4-2
Added Pin To Net: NetName=NetD4_2 Pin=R6-1
Added Pin To Net: NetName=NetD4_2 Pin=U4-6
Added Net: Name=NetD4_2
Added Pin To Net: NetName=NetD5_2 Pin=D5-2
Added Pin To Net: NetName=NetD5_2 Pin=L1-1
Added Pin To Net: NetName=NetD5_2 Pin=U7-3
Added Pin To Net: NetName=NetD5_2 Pin=U7-3.1
Added Net: Name=NetD5_2
Added Pin To Net: NetName=NetD7_1 Pin=D7-1
Added Pin To Net: NetName=NetD7_1 Pin=R28-1
Added Net: Name=NetD7_1
Added Pin To Net: NetName=NetD8_1 Pin=D8-1
Added Pin To Net: NetName=NetD8_1 Pin=R29-1
Added Net: Name=NetD8_1
Added Pin To Net: NetName=NetF1_2 Pin=F1-2
Added Pin To Net: NetName=NetF1_2 Pin=Q1-2
Added Net: Name=NetF1_2
Added Pin To Net: NetName=NetHD4_1 Pin=HD4-1
Added Pin To Net: NetName=NetHD4_1 Pin=U8-4
Added Pin To Net: NetName=NetHD4_1 Pin=U8-8
Added Net: Name=NetHD4_1
Added Pin To Net: NetName=NetHD4_6 Pin=HD4-6
Added Pin To Net: NetName=NetHD4_6 Pin=U9-4
Added Pin To Net: NetName=NetHD4_6 Pin=U9-8
Added Net: Name=NetHD4_6
Added Pin To Net: NetName=NetHD5_1 Pin=HD5-1
Added Pin To Net: NetName=NetHD5_1 Pin=U10-4
Added Pin To Net: NetName=NetHD5_1 Pin=U10-8
Added Net: Name=NetHD5_1
Added Pin To Net: NetName=NetHD5_6 Pin=HD5-6
Added Pin To Net: NetName=NetHD5_6 Pin=U11-4
Added Pin To Net: NetName=NetHD5_6 Pin=U11-8
Added Net: Name=NetHD5_6
Added Pin To Net: NetName=NetJ1_2 Pin=J1-2
Added Pin To Net: NetName=NetJ1_2 Pin=R1-1
Added Net: Name=NetJ1_2
Added Pin To Net: NetName=NetJ2_2 Pin=J2-2
Added Pin To Net: NetName=NetJ2_2 Pin=R2-1
Added Net: Name=NetJ2_2
Added Pin To Net: NetName=NetQ1_3 Pin=Q1-3
Added Pin To Net: NetName=NetQ1_3 Pin=U5-1
Added Pin To Net: NetName=NetQ1_3 Pin=U5-2
Added Net: Name=NetQ1_3
Added Pin To Net: NetName=NetQ2_3 Pin=Q2-3
Added Pin To Net: NetName=NetQ2_3 Pin=R9-1
Added Net: Name=NetQ2_3
Added Pin To Net: NetName=NetR4_1 Pin=R4-1
Added Pin To Net: NetName=NetR4_1 Pin=U3-1
Added Net: Name=NetR4_1
Added Pin To Net: NetName=NetR7_1 Pin=R7-1
Added Pin To Net: NetName=NetR7_1 Pin=U3-2
Added Net: Name=NetR7_1
Added Pin To Net: NetName=NetR9_2 Pin=R9-2
Added Pin To Net: NetName=NetR9_2 Pin=U6-5
Added Net: Name=NetR9_2
Added Pin To Net: NetName=NetR12_2 Pin=R12-2
Added Pin To Net: NetName=NetR12_2 Pin=U8-2
Added Net: Name=NetR12_2
Added Pin To Net: NetName=NetR13_1 Pin=R13-1
Added Pin To Net: NetName=NetR13_1 Pin=U9-2
Added Net: Name=NetR13_1
Added Pin To Net: NetName=NetR14_2 Pin=R14-2
Added Pin To Net: NetName=NetR14_2 Pin=U8-3
Added Net: Name=NetR14_2
Added Pin To Net: NetName=NetR15_1 Pin=R15-1
Added Pin To Net: NetName=NetR15_1 Pin=U9-3
Added Net: Name=NetR15_1
Added Pin To Net: NetName=NetR16_1 Pin=R16-1
Added Pin To Net: NetName=NetR16_1 Pin=U8-5
Added Net: Name=NetR16_1
Added Pin To Net: NetName=NetR17_1 Pin=R17-1
Added Pin To Net: NetName=NetR17_1 Pin=U8-6
Added Net: Name=NetR17_1
Added Pin To Net: NetName=NetR18_1 Pin=R18-1
Added Pin To Net: NetName=NetR18_1 Pin=U9-6
Added Net: Name=NetR18_1
Added Pin To Net: NetName=NetR19_1 Pin=R19-1
Added Pin To Net: NetName=NetR19_1 Pin=U9-5
Added Net: Name=NetR19_1
Added Pin To Net: NetName=NetR20_2 Pin=R20-2
Added Pin To Net: NetName=NetR20_2 Pin=U10-2
Added Net: Name=NetR20_2
Added Pin To Net: NetName=NetR21_1 Pin=R21-1
Added Pin To Net: NetName=NetR21_1 Pin=U11-2
Added Net: Name=NetR21_1
Added Pin To Net: NetName=NetR22_2 Pin=R22-2
Added Pin To Net: NetName=NetR22_2 Pin=U10-3
Added Net: Name=NetR22_2
Added Pin To Net: NetName=NetR23_1 Pin=R23-1
Added Pin To Net: NetName=NetR23_1 Pin=U11-3
Added Net: Name=NetR23_1
Added Pin To Net: NetName=NetR24_1 Pin=R24-1
Added Pin To Net: NetName=NetR24_1 Pin=U10-5
Added Net: Name=NetR24_1
Added Pin To Net: NetName=NetR25_1 Pin=R25-1
Added Pin To Net: NetName=NetR25_1 Pin=U10-6
Added Net: Name=NetR25_1
Added Pin To Net: NetName=NetR26_1 Pin=R26-1
Added Pin To Net: NetName=NetR26_1 Pin=U11-6
Added Net: Name=NetR26_1
Added Pin To Net: NetName=NetR27_1 Pin=R27-1
Added Pin To Net: NetName=NetR27_1 Pin=U11-5
Added Net: Name=NetR27_1
Added Pin To Net: NetName=OSC_IN Pin=C43-2
Added Pin To Net: NetName=OSC_IN Pin=U2-5
Added Pin To Net: NetName=OSC_IN Pin=X1-1
Added Net: Name=OSC_IN
Added Pin To Net: NetName=OSC_OUT Pin=C44-1
Added Pin To Net: NetName=OSC_OUT Pin=U2-6
Added Pin To Net: NetName=OSC_OUT Pin=X1-3
Added Net: Name=OSC_OUT
Added Pin To Net: NetName=REVERSE Pin=R13-2
Added Pin To Net: NetName=REVERSE Pin=R20-1
Added Pin To Net: NetName=REVERSE Pin=U2-38
Added Net: Name=REVERSE
Added Pin To Net: NetName=RST Pin=R30-1
Added Pin To Net: NetName=RST Pin=SW1-3
Added Pin To Net: NetName=RST Pin=U2-7
Added Net: Name=RST
Added Pin To Net: NetName=RX Pin=HD3-2
Added Pin To Net: NetName=RX Pin=U2-43
Added Net: Name=RX
Added Pin To Net: NetName=SCLK Pin=J3-4
Added Pin To Net: NetName=SCLK Pin=U2-49
Added Net: Name=SCLK
Added Pin To Net: NetName=SCL Pin=J6-3
Added Pin To Net: NetName=SCL Pin=U2-41
Added Net: Name=SCL
Added Pin To Net: NetName=SDA Pin=J6-4
Added Pin To Net: NetName=SDA Pin=U2-40
Added Net: Name=SDA
Added Pin To Net: NetName=SDIO Pin=J3-3
Added Pin To Net: NetName=SDIO Pin=U2-46
Added Net: Name=SDIO
Added Pin To Net: NetName=SIGNAL Pin=C24-1
Added Pin To Net: NetName=SIGNAL Pin=Q1-1
Added Pin To Net: NetName=SIGNAL Pin=R8-2
Added Pin To Net: NetName=SIGNAL Pin=U6-7
Added Net: Name=SIGNAL
Added Pin To Net: NetName=Steer Pin=J7-1
Added Pin To Net: NetName=Steer Pin=U2-62
Added Net: Name=Steer
Added Pin To Net: NetName=ToVcc_NANO Pin=C37-1
Added Pin To Net: NetName=ToVcc_NANO Pin=HD1-2
Added Pin To Net: NetName=ToVcc_NANO Pin=R29-2
Added Pin To Net: NetName=ToVcc_NANO Pin=U5-3
Added Pin To Net: NetName=ToVcc_NANO Pin=U5-4
Added Net: Name=ToVcc_NANO
Added Pin To Net: NetName=TX Pin=HD3-1
Added Pin To Net: NetName=TX Pin=U2-42
Added Net: Name=TX
Added Pin To Net: NetName=V_CELL Pin=C1-1
Added Pin To Net: NetName=V_CELL Pin=C2-1
Added Pin To Net: NetName=V_CELL Pin=C16-1
Added Pin To Net: NetName=V_CELL Pin=C17-1
Added Pin To Net: NetName=V_CELL Pin=C18-1
Added Pin To Net: NetName=V_CELL Pin=C19-1
Added Pin To Net: NetName=V_CELL Pin=C23-1
Added Pin To Net: NetName=V_CELL Pin=C25-1
Added Pin To Net: NetName=V_CELL Pin=C28-2
Added Pin To Net: NetName=V_CELL Pin=C29-2
Added Pin To Net: NetName=V_CELL Pin=C38-1
Added Pin To Net: NetName=V_CELL Pin=HD2-1
Added Pin To Net: NetName=V_CELL Pin=R5-2
Added Pin To Net: NetName=V_CELL Pin=R6-2
Added Pin To Net: NetName=V_CELL Pin=R28-2
Added Pin To Net: NetName=V_CELL Pin=U1-3
Added Pin To Net: NetName=V_CELL Pin=U4-8
Added Pin To Net: NetName=V_CELL Pin=U7-5
Added Pin To Net: NetName=V_CELL Pin=U8-7
Added Pin To Net: NetName=V_CELL Pin=U9-7
Added Pin To Net: NetName=V_CELL Pin=U10-7
Added Pin To Net: NetName=V_CELL Pin=U11-7
Added Net: Name=V_CELL
Added Pin To Net: NetName=Volt_SIG Pin=U3-3
Added Pin To Net: NetName=Volt_SIG Pin=U6-6
Added Net: Name=Volt_SIG
Added Pin To Net: NetName=Vout_1 Pin=D1-2
Added Pin To Net: NetName=Vout_1 Pin=R4-2
Added Pin To Net: NetName=Vout_1 Pin=U4-1
Added Net: Name=Vout_1
Added Pin To Net: NetName=Vout_2 Pin=D2-2
Added Pin To Net: NetName=Vout_2 Pin=R7-2
Added Pin To Net: NetName=Vout_2 Pin=U4-7
Added Net: Name=Vout_2
Added Pin To Net: NetName=Vref Pin=R3-1
Added Pin To Net: NetName=Vref Pin=U4-2
Added Pin To Net: NetName=Vref Pin=U4-5
Added Net: Name=Vref
Added Class: Name=Mainboard_1
Added Class: Name=Mainboard_2
Added Class: Name=Nano_Power_Detection
Added Room: Name=Mainboard_1
Added Room: Name=Mainboard_2
Added Room: Name=Nano_Power_Detection
